  pch.cpp
  Game_Tests.cpp
C:\Program Files (x86)\Microsoft Visual Studio\2019\Community\VC\Tools\MSVC\14.28.29333\include\fstream(51,73): error C2653: 'ios_base': is not a class or namespace name
C:\Program Files (x86)\Microsoft Visual Studio\2019\Community\VC\Tools\MSVC\14.28.29333\include\fstream(51,91): error C2061: syntax error: identifier 'openmode'
C:\Program Files (x86)\Microsoft Visual Studio\2019\Community\VC\Tools\MSVC\14.28.29333\include\fstream(52,76): error C2653: 'ios_base': is not a class or namespace name
C:\Program Files (x86)\Microsoft Visual Studio\2019\Community\VC\Tools\MSVC\14.28.29333\include\fstream(52,94): error C2061: syntax error: identifier 'openmode'
C:\Program Files (x86)\Microsoft Visual Studio\2019\Community\VC\Tools\MSVC\14.28.29333\include\fstream(55,83): error C2653: 'ios_base': is not a class or namespace name
C:\Program Files (x86)\Microsoft Visual Studio\2019\Community\VC\Tools\MSVC\14.28.29333\include\fstream(55,101): error C2061: syntax error: identifier 'openmode'
C:\Program Files (x86)\Microsoft Visual Studio\2019\Community\VC\Tools\MSVC\14.28.29333\include\fstream(157,45): error C2143: syntax error: missing ',' before '<'
C:\Program Files (x86)\Microsoft Visual Studio\2019\Community\VC\Tools\MSVC\14.28.29333\include\fstream(789): message : see reference to class template instantiation 'FileIOTests::std::basic_filebuf<_Elem,_Traits>' being compiled
C:\Program Files (x86)\Microsoft Visual Studio\2019\Community\VC\Tools\MSVC\14.28.29333\include\fstream(159,1): error C2061: syntax error: identifier 'basic_streambuf'
C:\Program Files (x86)\Microsoft Visual Studio\2019\Community\VC\Tools\MSVC\14.28.29333\include\fstream(160,1): error C2061: syntax error: identifier 'codecvt'
C:\Program Files (x86)\Microsoft Visual Studio\2019\Community\VC\Tools\MSVC\14.28.29333\include\fstream(160,21): error C2059: syntax error: '>'
C:\Program Files (x86)\Microsoft Visual Studio\2019\Community\VC\Tools\MSVC\14.28.29333\include\fstream(184,43): error C2065: '_Noinit': undeclared identifier
C:\Program Files (x86)\Microsoft Visual Studio\2019\Community\VC\Tools\MSVC\14.28.29333\include\fstream(184,19): error C2460: 'FileIOTests::std::basic_filebuf<_Elem,_Traits>::_Uninitialized': uses 'FileIOTests::std::basic_filebuf<_Elem,_Traits>', which is being defined
C:\Program Files (x86)\Microsoft Visual Studio\2019\Community\VC\Tools\MSVC\14.28.29333\include\fstream(789,1): error C7582: '_Uninitialized': default member initializers for bit-fields requires at least '/std:c++latest'
C:\Program Files (x86)\Microsoft Visual Studio\2019\Community\VC\Tools\MSVC\14.28.29333\include\fstream(26): fatal error C1075: '{': no matching token found
